<?xml version="1.0" encoding="UTF-8"?>
<!-- Generated by org.testng.reporters.JUnitReportReporter -->
<testsuite hostname="LapWinX-DAC51" name="jesus.ListenerClassDemo" tests="1" failures="1" timestamp="13 May 2020 10:10:07 GMT" time="9.137" errors="0">
  <testcase name="method" time="9.137" classname="jesus.ListenerClassDemo">
    <failure type="org.openqa.selenium.SessionNotCreatedException" message="session not created: This version of ChromeDriver only supports Chrome version 79
Build info: version: &#039;3.141.59&#039;, revision: &#039;e82be7d358&#039;, time: &#039;2018-11-14T08:17:03&#039;
System info: host: &#039;LAPWINX-DAC51&#039;, ip: &#039;192.168.225.202&#039;, os.name: &#039;Windows 10&#039;, os.arch: &#039;amd64&#039;, os.version: &#039;10.0&#039;, java.version: &#039;1.8.0_231&#039;
Driver info: driver.version: ChromeDriver
remote stacktrace: Backtrace:
	Ordinal0 [0x004DA113+1548563]
	Ordinal0 [0x0045DDA1+1039777]
	Ordinal0 [0x003DE485+517253]
	Ordinal0 [0x0036FD34+64820]
	Ordinal0 [0x0036C61E+50718]
	Ordinal0 [0x0038B797+178071]
	Ordinal0 [0x0038B59D+177565]
	Ordinal0 [0x003895FB+169467]
	Ordinal0 [0x0037160A+71178]
	Ordinal0 [0x00372690+75408]
	Ordinal0 [0x00372629+75305]
	Ordinal0 [0x004771B7+1143223]
	GetHandleVerifier [0x00572B46+507814]
	GetHandleVerifier [0x00572864+507076]
	GetHandleVerifier [0x00579F47+537511]
	GetHandleVerifier [0x00573402+510050]
	Ordinal0 [0x0046F29C+1110684]
	Ordinal0 [0x0047938B+1151883]
	Ordinal0 [0x004794F3+1152243]
	Ordinal0 [0x004783F5+1147893]
	BaseThreadInitThunk [0x771B6359+25]
	RtlGetAppContainerNamedObjectPath [0x77577B74+228]
	RtlGetAppContainerNamedObjectPath [0x77577B44+180]
">
      <![CDATA[org.openqa.selenium.SessionNotCreatedException: session not created: This version of ChromeDriver only supports Chrome version 79
Build info: version: '3.141.59', revision: 'e82be7d358', time: '2018-11-14T08:17:03'
System info: host: 'LAPWINX-DAC51', ip: '192.168.225.202', os.name: 'Windows 10', os.arch: 'amd64', os.version: '10.0', java.version: '1.8.0_231'
Driver info: driver.version: ChromeDriver
remote stacktrace: Backtrace:
	Ordinal0 [0x004DA113+1548563]
	Ordinal0 [0x0045DDA1+1039777]
	Ordinal0 [0x003DE485+517253]
	Ordinal0 [0x0036FD34+64820]
	Ordinal0 [0x0036C61E+50718]
	Ordinal0 [0x0038B797+178071]
	Ordinal0 [0x0038B59D+177565]
	Ordinal0 [0x003895FB+169467]
	Ordinal0 [0x0037160A+71178]
	Ordinal0 [0x00372690+75408]
	Ordinal0 [0x00372629+75305]
	Ordinal0 [0x004771B7+1143223]
	GetHandleVerifier [0x00572B46+507814]
	GetHandleVerifier [0x00572864+507076]
	GetHandleVerifier [0x00579F47+537511]
	GetHandleVerifier [0x00573402+510050]
	Ordinal0 [0x0046F29C+1110684]
	Ordinal0 [0x0047938B+1151883]
	Ordinal0 [0x004794F3+1152243]
	Ordinal0 [0x004783F5+1147893]
	BaseThreadInitThunk [0x771B6359+25]
	RtlGetAppContainerNamedObjectPath [0x77577B74+228]
	RtlGetAppContainerNamedObjectPath [0x77577B44+180]

	at sun.reflect.NativeConstructorAccessorImpl.newInstance0(Native Method)
	at sun.reflect.NativeConstructorAccessorImpl.newInstance(NativeConstructorAccessorImpl.java:62)
	at sun.reflect.DelegatingConstructorAccessorImpl.newInstance(DelegatingConstructorAccessorImpl.java:45)
	at java.lang.reflect.Constructor.newInstance(Constructor.java:423)
	at org.openqa.selenium.remote.W3CHandshakeResponse.lambda$new$0(W3CHandshakeResponse.java:57)
	at org.openqa.selenium.remote.W3CHandshakeResponse.lambda$getResponseFunction$2(W3CHandshakeResponse.java:104)
	at org.openqa.selenium.remote.ProtocolHandshake.lambda$createSession$0(ProtocolHandshake.java:122)
	at java.util.stream.ReferencePipeline$3$1.accept(ReferencePipeline.java:193)
	at java.util.Spliterators$ArraySpliterator.tryAdvance(Spliterators.java:958)
	at java.util.stream.ReferencePipeline.forEachWithCancel(ReferencePipeline.java:126)
	at java.util.stream.AbstractPipeline.copyIntoWithCancel(AbstractPipeline.java:499)
	at java.util.stream.AbstractPipeline.copyInto(AbstractPipeline.java:486)
	at java.util.stream.AbstractPipeline.wrapAndCopyInto(AbstractPipeline.java:472)
	at java.util.stream.FindOps$FindOp.evaluateSequential(FindOps.java:152)
	at java.util.stream.AbstractPipeline.evaluate(AbstractPipeline.java:234)
	at java.util.stream.ReferencePipeline.findFirst(ReferencePipeline.java:464)
	at org.openqa.selenium.remote.ProtocolHandshake.createSession(ProtocolHandshake.java:125)
	at org.openqa.selenium.remote.ProtocolHandshake.createSession(ProtocolHandshake.java:73)
	at org.openqa.selenium.remote.HttpCommandExecutor.execute(HttpCommandExecutor.java:136)
	at org.openqa.selenium.remote.service.DriverCommandExecutor.execute(DriverCommandExecutor.java:83)
	at org.openqa.selenium.remote.RemoteWebDriver.execute(RemoteWebDriver.java:548)
	at org.openqa.selenium.remote.RemoteWebDriver.startSession(RemoteWebDriver.java:212)
	at org.openqa.selenium.remote.RemoteWebDriver.<init>(RemoteWebDriver.java:130)
	at org.openqa.selenium.chrome.ChromeDriver.<init>(ChromeDriver.java:181)
	at org.openqa.selenium.chrome.ChromeDriver.<init>(ChromeDriver.java:168)
	at org.openqa.selenium.chrome.ChromeDriver.<init>(ChromeDriver.java:123)
	at jesus.ListenerClassDemo.method(ListenerClassDemo.java:19)
	at sun.reflect.NativeMethodAccessorImpl.invoke0(Native Method)
	at sun.reflect.NativeMethodAccessorImpl.invoke(NativeMethodAccessorImpl.java:62)
	at sun.reflect.DelegatingMethodAccessorImpl.invoke(DelegatingMethodAccessorImpl.java:43)
	at java.lang.reflect.Method.invoke(Method.java:498)
	at org.testng.internal.MethodInvocationHelper.invokeMethod(MethodInvocationHelper.java:80)
	at org.testng.internal.Invoker.invokeMethod(Invoker.java:715)
	at org.testng.internal.Invoker.invokeTestMethod(Invoker.java:907)
	at org.testng.internal.Invoker.invokeTestMethods(Invoker.java:1237)
	at org.testng.internal.TestMethodWorker.invokeTestMethods(TestMethodWorker.java:127)
	at org.testng.internal.TestMethodWorker.run(TestMethodWorker.java:111)
	at org.testng.TestRunner.privateRun(TestRunner.java:767)
	at org.testng.TestRunner.run(TestRunner.java:617)
	at org.testng.SuiteRunner.runTest(SuiteRunner.java:334)
	at org.testng.SuiteRunner.runSequentially(SuiteRunner.java:329)
	at org.testng.SuiteRunner.privateRun(SuiteRunner.java:291)
	at org.testng.SuiteRunner.run(SuiteRunner.java:240)
	at org.testng.SuiteRunnerWorker.runSuite(SuiteRunnerWorker.java:51)
	at org.testng.SuiteRunnerWorker.run(SuiteRunnerWorker.java:85)
	at org.testng.TestNG.runSuitesSequentially(TestNG.java:1197)
	at org.testng.TestNG.runSuitesLocally(TestNG.java:1122)
	at org.testng.TestNG.run(TestNG.java:1030)
	at org.testng.remote.RemoteTestNG.run(RemoteTestNG.java:115)
	at org.testng.remote.RemoteTestNG.initAndRun(RemoteTestNG.java:207)
	at org.testng.remote.RemoteTestNG.main(RemoteTestNG.java:178)
]]>
    </failure>
  </testcase> <!-- method -->
</testsuite> <!-- jesus.ListenerClassDemo -->
