<?xml version="1.0" encoding="UTF-8"?>
<!-- Generated by org.testng.reporters.JUnitXMLReporter -->
<testsuite hostname="LapWinX-DAC51" tests="0" failures="0" timestamp="19 May 2020 11:45:47 GMT" time="0.151" errors="0">
  <testcase name="@BeforeTest setup" time="0.0" classname="Samplereusablemethod.Test5">
    <failure type="java.lang.IllegalStateException" message="The driver executable does not exist: C:\Users\antonyj\git\jmj\ToAutomatewebapplication\src\test\resources\chromedriver.exe">
      <![CDATA[java.lang.IllegalStateException: The driver executable does not exist: C:\Users\antonyj\git\jmj\ToAutomatewebapplication\src\test\resources\chromedriver.exe
	at com.google.common.base.Preconditions.checkState(Preconditions.java:588)
	at org.openqa.selenium.remote.service.DriverService.checkExecutable(DriverService.java:137)
	at org.openqa.selenium.remote.service.DriverService.findExecutable(DriverService.java:132)
	at org.openqa.selenium.chrome.ChromeDriverService.access$000(ChromeDriverService.java:35)
	at org.openqa.selenium.chrome.ChromeDriverService$Builder.findDefaultExecutable(ChromeDriverService.java:159)
	at org.openqa.selenium.remote.service.DriverService$Builder.build(DriverService.java:346)
	at org.openqa.selenium.chrome.ChromeDriverService.createDefaultService(ChromeDriverService.java:94)
	at org.openqa.selenium.chrome.ChromeDriver.<init>(ChromeDriver.java:123)
	at Samplereusablemethod.Test5.setup(Test5.java:20)
... Removed 22 stack frames]]>
    </failure>
  </testcase> <!-- @BeforeTest setup -->
</testsuite>
